<?xml version="1.0" encoding="UTF-8"?>
<!-- Generated by org.testng.reporters.JUnitReportReporter -->
<testsuite hostname="Rubaiyats-MacBook-Air.local" failures="0" tests="23" name="TodoistApp.Todoist" time="407.338" errors="0" timestamp="2023-10-16T21:43:40 BDT" skipped="0">
  <testcase classname="TodoistApp.Todoist" name="FacebookLogin" time="28.301"/>
  <system-out/>
  <testcase classname="TodoistApp.Todoist" name="GoogleLogin" time="29.766"/>
  <system-out/>
  <testcase classname="TodoistApp.Todoist" name="invalidCredential" time="44.557"/>
  <system-out/>
  <testcase classname="TodoistApp.Todoist" name="signup" time="41.471"/>
  <system-out/>
  <testcase classname="TodoistApp.Todoist" name="login" time="32.238"/>
  <system-out/>
  <testcase classname="TodoistApp.Todoist" name="createTask" time="7.438"/>
  <system-out/>
  <testcase classname="TodoistApp.Todoist" name="editDate" time="43.522"/>
  <system-out/>
  <testcase classname="TodoistApp.Todoist" name="completeTask" time="37.358"/>
  <system-out/>
  <testcase classname="TodoistApp.Todoist" name="deleteTask" time="38.622"/>
  <system-out/>
  <testcase classname="TodoistApp.Todoist" name="createProject" time="11.238"/>
  <system-out/>
  <testcase classname="TodoistApp.Todoist" name="checkInbox" time="10.673"/>
  <system-out/>
  <testcase classname="TodoistApp.Todoist" name="filteredTask" time="9.831"/>
  <system-out/>
  <testcase classname="TodoistApp.Todoist" name="modifyName" time="10.685"/>
  <system-out/>
  <testcase classname="TodoistApp.Todoist" name="chnageView" time="5.533"/>
  <system-out/>
  <testcase classname="TodoistApp.Todoist" name="syncView" time="2.794"/>
  <system-out/>
  <testcase classname="TodoistApp.Todoist" name="changeLang" time="2.435"/>
  <system-out/>
  <testcase classname="TodoistApp.Todoist" name="timeDate" time="10.843"/>
  <system-out/>
  <testcase classname="TodoistApp.Todoist" name="swipeAction" time="5.318"/>
  <system-out/>
  <testcase classname="TodoistApp.Todoist" name="changeTheme" time="4.984"/>
  <system-out/>
  <testcase classname="TodoistApp.Todoist" name="changeIcon" time="6.131"/>
  <system-out/>
  <testcase classname="TodoistApp.Todoist" name="changeAppBar" time="5.273"/>
  <system-out/>
  <testcase classname="TodoistApp.Todoist" name="navMenu" time="6.470"/>
  <system-out/>
  <testcase classname="TodoistApp.Todoist" name="quickAdd" time="11.857"/>
  <system-out/>
</testsuite> <!-- TodoistApp.Todoist -->
